# JRE version: Java(TM) SE Runtime Environment (8.0_171-b11) (build 1.8.0_171-b11)
# Java VM: Java HotSpot(TM) Client VM (25.171-b11 mixed mode windows-x86 )
Heap:
 def new generation   total 66816K, used 17091K [0x05000000, 0x09880000, 0x0faa0000)
  eden space 59392K,  27% used [0x05000000, 0x05fadd70, 0x08a00000)
  from space 7424K,  13% used [0x08a00000, 0x08b031a0, 0x09140000)
  to   space 7424K,   0% used [0x09140000, 0x09140000, 0x09880000)
 tenured generation   total 148260K, used 109549K [0x0faa0000, 0x18b69000, 0x25000000)
   the space 148260K,  73% used [0x0faa0000, 0x1659b518, 0x1659b600, 0x18b69000)
 Metaspace       used 25505K, capacity 26592K, committed 26880K, reserved 27008K
GC Heap History (10 events):
Event: 105.355 GC heap before
{Heap before GC invocations=19 (full 3):
 def new generation   total 48832K, used 48483K [0x05000000, 0x084f0000, 0x0faa0000)
  eden space 43456K,  99% used [0x05000000, 0x07a5c530, 0x07a70000)
  from space 5376K,  94% used [0x07fb0000, 0x084aca20, 0x084f0000)
  to   space 5376K,   0% used [0x07a70000, 0x07a70000, 0x07fb0000)
 tenured generation   total 108228K, used 97486K [0x0faa0000, 0x16451000, 0x25000000)
   the space 108228K,  90% used [0x0faa0000, 0x159d3b70, 0x159d3c00, 0x16451000)
 Metaspace       used 25489K, capacity 26565K, committed 26880K, reserved 27008K
Event: 105.506 GC heap after
Heap after GC invocations=20 (full 4):
 def new generation   total 66816K, used 0K [0x05000000, 0x09880000, 0x0faa0000)
  eden space 59392K,   0% used [0x05000000, 0x05000000, 0x08a00000)
  from space 7424K,   0% used [0x08a00000, 0x08a00000, 0x09140000)
  to   space 7424K,   0% used [0x09140000, 0x09140000, 0x09880000)
 tenured generation   total 148260K, used 88955K [0x0faa0000, 0x18b69000, 0x25000000)
   the space 148260K,  59% used [0x0faa0000, 0x1517efd8, 0x1517f000, 0x18b69000)
 Metaspace       used 25486K, capacity 26560K, committed 26880K, reserved 27008K
}
Event: 106.166 GC heap before
{Heap before GC invocations=20 (full 4):
 def new generation   total 66816K, used 58862K [0x05000000, 0x09880000, 0x0faa0000)
  eden space 59392K,  99% used [0x05000000, 0x0897b8f8, 0x08a00000)
  from space 7424K,   0% used [0x08a00000, 0x08a00000, 0x09140000)
  to   space 7424K,   0% used [0x09140000, 0x09140000, 0x09880000)
 tenured generation   total 148260K, used 88955K [0x0faa0000, 0x18b69000, 0x25000000)
   the space 148260K,  59% used [0x0faa0000, 0x1517efd8, 0x1517f000, 0x18b69000)
 Metaspace       used 25486K, capacity 26560K, committed 26880K, reserved 27008K
Event: 106.173 GC heap after
Heap after GC invocations=21 (full 4):
 def new generation   total 66816K, used 5733K [0x05000000, 0x09880000, 0x0faa0000)
  eden space 59392K,   0% used [0x05000000, 0x05000000, 0x08a00000)
  from space 7424K,  77% used [0x09140000, 0x096d9760, 0x09880000)
  to   space 7424K,   0% used [0x08a00000, 0x08a00000, 0x09140000)
 tenured generation   total 148260K, used 93149K [0x0faa0000, 0x18b69000, 0x25000000)
   the space 148260K,  62% used [0x0faa0000, 0x15597538, 0x15597600, 0x18b69000)
 Metaspace       used 25486K, capacity 26560K, committed 26880K, reserved 27008K
}
Event: 106.633 GC heap before
{Heap before GC invocations=21 (full 4):
 def new generation   total 66816K, used 64033K [0x05000000, 0x09880000, 0x0faa0000)
  eden space 59392K,  98% used [0x05000000, 0x088eedb8, 0x08a00000)
  from space 7424K,  77% used [0x09140000, 0x096d9760, 0x09880000)
  to   space 7424K,   0% used [0x08a00000, 0x08a00000, 0x09140000)
 tenured generation   total 148260K, used 93149K [0x0faa0000, 0x18b69000, 0x25000000)
   the space 148260K,  62% used [0x0faa0000, 0x15597538, 0x15597600, 0x18b69000)
 Metaspace       used 25486K, capacity 26560K, committed 26880K, reserved 27008K
Event: 106.638 GC heap after
Heap after GC invocations=22 (full 4):
 def new generation   total 66816K, used 4559K [0x05000000, 0x09880000, 0x0faa0000)
  eden space 59392K,   0% used [0x05000000, 0x05000000, 0x08a00000)
  from space 7424K,  61% used [0x08a00000, 0x08e73d90, 0x09140000)
  to   space 7424K,   0% used [0x09140000, 0x09140000, 0x09880000)
 tenured generation   total 148260K, used 98471K [0x0faa0000, 0x18b69000, 0x25000000)
   the space 148260K,  66% used [0x0faa0000, 0x15ac9d40, 0x15ac9e00, 0x18b69000)
 Metaspace       used 25486K, capacity 26560K, committed 26880K, reserved 27008K
}
Event: 107.610 GC heap before
{Heap before GC invocations=22 (full 4):
 def new generation   total 66816K, used 63951K [0x05000000, 0x09880000, 0x0faa0000)
  eden space 59392K, 100% used [0x05000000, 0x08a00000, 0x08a00000)
  from space 7424K,  61% used [0x08a00000, 0x08e73d90, 0x09140000)
  to   space 7424K,   0% used [0x09140000, 0x09140000, 0x09880000)
 tenured generation   total 148260K, used 98471K [0x0faa0000, 0x18b69000, 0x25000000)
   the space 148260K,  66% used [0x0faa0000, 0x15ac9d40, 0x15ac9e00, 0x18b69000)
 Metaspace       used 25486K, capacity 26560K, committed 26880K, reserved 27008K
Event: 107.616 GC heap after
Heap after GC invocations=23 (full 4):
 def new generation   total 66816K, used 4196K [0x05000000, 0x09880000, 0x0faa0000)
  eden space 59392K,   0% used [0x05000000, 0x05000000, 0x08a00000)
  from space 7424K,  56% used [0x09140000, 0x09559300, 0x09880000)
  to   space 7424K,   0% used [0x08a00000, 0x08a00000, 0x09140000)
 tenured generation   total 148260K, used 105601K [0x0faa0000, 0x18b69000, 0x25000000)
   the space 148260K,  71% used [0x0faa0000, 0x161c0500, 0x161c0600, 0x18b69000)
 Metaspace       used 25486K, capacity 26560K, committed 26880K, reserved 27008K
}
Event: 117.381 GC heap before
{Heap before GC invocations=23 (full 4):
 def new generation   total 66816K, used 63588K [0x05000000, 0x09880000, 0x0faa0000)
  eden space 59392K, 100% used [0x05000000, 0x08a00000, 0x08a00000)
  from space 7424K,  56% used [0x09140000, 0x09559300, 0x09880000)
  to   space 7424K,   0% used [0x08a00000, 0x08a00000, 0x09140000)
 tenured generation   total 148260K, used 105601K [0x0faa0000, 0x18b69000, 0x25000000)
   the space 148260K,  71% used [0x0faa0000, 0x161c0500, 0x161c0600, 0x18b69000)
 Metaspace       used 25505K, capacity 26592K, committed 26880K, reserved 27008K
Event: 117.384 GC heap after
Heap after GC invocations=24 (full 4):
 def new generation   total 66816K, used 1036K [0x05000000, 0x09880000, 0x0faa0000)
  eden space 59392K,   0% used [0x05000000, 0x05000000, 0x08a00000)
  from space 7424K,  13% used [0x08a00000, 0x08b031a0, 0x09140000)
  to   space 7424K,   0% used [0x09140000, 0x09140000, 0x09880000)
 tenured generation   total 148260K, used 109549K [0x0faa0000, 0x18b69000, 0x25000000)
   the space 148260K,  73% used [0x0faa0000, 0x1659b518, 0x1659b600, 0x18b69000)
 Metaspace       used 25505K, capacity 26592K, committed 26880K, reserved 27008K
}

