# JRE version: Java(TM) SE Runtime Environment (8.0_92-b14) (build 1.8.0_92-b14)
# Java VM: Java HotSpot(TM) Client VM (25.92-b14 mixed mode windows-x86 )
Heap:
 def new generation   total 157248K, used 157248K [0x04c00000, 0x0f6a0000, 0x0f6a0000)
  eden space 139776K, 100% used [0x04c00000, 0x0d480000, 0x0d480000)
  from space 17472K, 100% used [0x0e590000, 0x0f6a0000, 0x0f6a0000)
  to   space 17472K,   0% used [0x0d480000, 0x0d480000, 0x0e590000)
 tenured generation   total 349568K, used 349567K [0x0f6a0000, 0x24c00000, 0x24c00000)
   the space 349568K,  99% used [0x0f6a0000, 0x24bfffb8, 0x20c89c00, 0x24c00000)
 Metaspace       used 24025K, capacity 24514K, committed 24576K, reserved 24960K
GC Heap History (10 events):
Event: 191.681 GC heap after
Heap after GC invocations=19 (full 4):
 def new generation   total 157248K, used 0K [0x04c00000, 0x0f6a0000, 0x0f6a0000)
  eden space 139776K,   0% used [0x04c00000, 0x04c00000, 0x0d480000)
  from space 17472K,   0% used [0x0d480000, 0x0d480000, 0x0e590000)
  to   space 17472K,   0% used [0x0e590000, 0x0e590000, 0x0f6a0000)
 tenured generation   total 349568K, used 293432K [0x0f6a0000, 0x24c00000, 0x24c00000)
   the space 349568K,  83% used [0x0f6a0000, 0x2152e038, 0x2152e200, 0x24c00000)
 Metaspace       used 22871K, capacity 23326K, committed 23424K, reserved 23936K
}
Event: 193.282 GC heap before
{Heap before GC invocations=19 (full 4):
 def new generation   total 157248K, used 139776K [0x04c00000, 0x0f6a0000, 0x0f6a0000)
  eden space 139776K, 100% used [0x04c00000, 0x0d480000, 0x0d480000)
  from space 17472K,   0% used [0x0d480000, 0x0d480000, 0x0e590000)
  to   space 17472K,   0% used [0x0e590000, 0x0e590000, 0x0f6a0000)
 tenured generation   total 349568K, used 293432K [0x0f6a0000, 0x24c00000, 0x24c00000)
   the space 349568K,  83% used [0x0f6a0000, 0x2152e038, 0x2152e200, 0x24c00000)
 Metaspace       used 22903K, capacity 23358K, committed 23424K, reserved 23936K
Event: 193.420 GC heap after
Heap after GC invocations=20 (full 4):
 def new generation   total 157248K, used 17472K [0x04c00000, 0x0f6a0000, 0x0f6a0000)
  eden space 139776K,   0% used [0x04c00000, 0x04c00000, 0x0d480000)
  from space 17472K, 100% used [0x0e590000, 0x0f6a0000, 0x0f6a0000)
  to   space 17472K,   0% used [0x0d480000, 0x0d480000, 0x0e590000)
 tenured generation   total 349568K, used 337210K [0x0f6a0000, 0x24c00000, 0x24c00000)
   the space 349568K,  96% used [0x0f6a0000, 0x23fee960, 0x23feea00, 0x24c00000)
 Metaspace       used 22903K, capacity 23358K, committed 23424K, reserved 23936K
}
Event: 195.915 GC heap before
{Heap before GC invocations=20 (full 4):
 def new generation   total 157248K, used 157248K [0x04c00000, 0x0f6a0000, 0x0f6a0000)
  eden space 139776K, 100% used [0x04c00000, 0x0d480000, 0x0d480000)
  from space 17472K, 100% used [0x0e590000, 0x0f6a0000, 0x0f6a0000)
  to   space 17472K,   0% used [0x0d480000, 0x0d480000, 0x0e590000)
 tenured generation   total 349568K, used 337210K [0x0f6a0000, 0x24c00000, 0x24c00000)
   the space 349568K,  96% used [0x0f6a0000, 0x23fee960, 0x23feea00, 0x24c00000)
 Metaspace       used 23705K, capacity 24166K, committed 24192K, reserved 24960K
Event: 196.475 GC heap after
Heap after GC invocations=21 (full 5):
 def new generation   total 157248K, used 56926K [0x04c00000, 0x0f6a0000, 0x0f6a0000)
  eden space 139776K,  40% used [0x04c00000, 0x08397920, 0x0d480000)
  from space 17472K,   0% used [0x0e590000, 0x0e590000, 0x0f6a0000)
  to   space 17472K,   0% used [0x0d480000, 0x0d480000, 0x0e590000)
 tenured generation   total 349568K, used 349469K [0x0f6a0000, 0x24c00000, 0x24c00000)
   the space 349568K,  99% used [0x0f6a0000, 0x24be74d8, 0x24be7600, 0x24c00000)
 Metaspace       used 23705K, capacity 24166K, committed 24192K, reserved 24960K
}
Event: 214.163 GC heap before
{Heap before GC invocations=21 (full 5):
 def new generation   total 157248K, used 156072K [0x04c00000, 0x0f6a0000, 0x0f6a0000)
  eden space 139776K, 100% used [0x04c00000, 0x0d480000, 0x0d480000)
  from space 17472K,  93% used [0x0e590000, 0x0f57a290, 0x0f6a0000)
  to   space 17472K,   0% used [0x0d480000, 0x0d480000, 0x0e590000)
 tenured generation   total 349568K, used 349469K [0x0f6a0000, 0x24c00000, 0x24c00000)
   the space 349568K,  99% used [0x0f6a0000, 0x24be74d8, 0x24be7600, 0x24c00000)
 Metaspace       used 23876K, capacity 24326K, committed 24448K, reserved 24960K
Event: 214.731 GC heap after
Heap after GC invocations=22 (full 6):
 def new generation   total 157248K, used 80210K [0x04c00000, 0x0f6a0000, 0x0f6a0000)
  eden space 139776K,  57% used [0x04c00000, 0x09a548d0, 0x0d480000)
  from space 17472K,   0% used [0x0e590000, 0x0e590000, 0x0f6a0000)
  to   space 17472K,   0% used [0x0d480000, 0x0d480000, 0x0e590000)
 tenured generation   total 349568K, used 349469K [0x0f6a0000, 0x24c00000, 0x24c00000)
   the space 349568K,  99% used [0x0f6a0000, 0x24be74d8, 0x24be7600, 0x24c00000)
 Metaspace       used 23876K, capacity 24326K, committed 24448K, reserved 24960K
}
Event: 619.315 GC heap before
{Heap before GC invocations=22 (full 6):
 def new generation   total 157248K, used 157248K [0x04c00000, 0x0f6a0000, 0x0f6a0000)
  eden space 139776K, 100% used [0x04c00000, 0x0d480000, 0x0d480000)
  from space 17472K, 100% used [0x0e590000, 0x0f6a0000, 0x0f6a0000)
  to   space 17472K,   0% used [0x0d480000, 0x0d480000, 0x0e590000)
 tenured generation   total 349568K, used 349561K [0x0f6a0000, 0x24c00000, 0x24c00000)
   the space 349568K,  99% used [0x0f6a0000, 0x24bfe4b8, 0x24bfe600, 0x24c00000)
 Metaspace       used 24010K, capacity 24482K, committed 24576K, reserved 24960K
Event: 620.840 GC heap after
Heap after GC invocations=23 (full 7):
 def new generation   total 157248K, used 80383K [0x04c00000, 0x0f6a0000, 0x0f6a0000)
  eden space 139776K,  57% used [0x04c00000, 0x09a7fd18, 0x0d480000)
  from space 17472K,   0% used [0x0e590000, 0x0e590000, 0x0f6a0000)
  to   space 17472K,   0% used [0x0d480000, 0x0d480000, 0x0e590000)
 tenured generation   total 349568K, used 349561K [0x0f6a0000, 0x24c00000, 0x24c00000)
   the space 349568K,  99% used [0x0f6a0000, 0x24bfe4b8, 0x24bfe600, 0x24c00000)
 Metaspace       used 24010K, capacity 24482K, committed 24576K, reserved 24960K
}
Event: 5741.132 GC heap before
{Heap before GC invocations=23 (full 7):
 def new generation   total 157248K, used 157248K [0x04c00000, 0x0f6a0000, 0x0f6a0000)
  eden space 139776K, 100% used [0x04c00000, 0x0d480000, 0x0d480000)
  from space 17472K, 100% used [0x0e590000, 0x0f6a0000, 0x0f6a0000)
  to   space 17472K,   0% used [0x0d480000, 0x0d480000, 0x0e590000)
 tenured generation   total 349568K, used 349567K [0x0f6a0000, 0x24c00000, 0x24c00000)
   the space 349568K,  99% used [0x0f6a0000, 0x24bfffb8, 0x24c00000, 0x24c00000)
 Metaspace       used 24025K, capacity 24514K, committed 24576K, reserved 24960K

